This is pdfTeX, Version 3.14159-1.10b (Web2C 7.4.5) (format=pdflatex 2005.3.13)  13 MAY 2005 14:01
**documentation.tex
(/usr/share/texmf/tex/latex/tools/x.tex{/usr/share/texmf/pdftex/config/pdftex.c
fg}
LaTeX2e <2001/06/01>
Babel <v3.7h> and hyphenation patterns for american, french, german, ngerman, n
ohyphenation, loaded.

 ) 
Here is how much of TeX's memory you used:
 7 strings out of 95437
 138 string characters out of 1190233
 44508 words of memory out of 1000001
 3103 multiletter control sequences out of 10000+50000
 3640 words of font info for 14 fonts, out of 500000 for 1000
 14 hyphenation exceptions out of 1000
 5i,0n,1p,97b,7s stack positions out of 1500i,500n,5000p,200000b,5000s
 0 PDF objects out of 300000
 0 named destinations out of 131072
 0 words of extra memory for PDF output out of 65536

No pages of output.
