ellipse-paper-256-0-3-0.1.png 256x256
perterb
color
fill
color
ellipse
background
0.100000 35
edge pixels drawn = 409
ellipse-paper-256-15-3-0.1.png 256x256
perterb
color
fill
color
ellipse
background
0.100000 34
edge pixels drawn = 402
ellipse-paper-256-30-3-0.1.png 256x256
perterb
color
fill
color
ellipse
background
0.100000 34
edge pixels drawn = 398
ellipse-paper-256-45-3-0.1.png 256x256
perterb
color
fill
color
ellipse
background
0.100000 34
edge pixels drawn = 398
ellipse-paper-256-60-3-0.1.png 256x256
perterb
color
fill
color
ellipse
background
0.100000 34
edge pixels drawn = 398
ellipse-paper-256-0-5-0.1.png 256x256
perterb
color
fill
color
ellipse
background
0.100000 36
edge pixels drawn = 410
ellipse-paper-256-15-5-0.1.png 256x256
perterb
color
fill
color
ellipse
background
0.100000 35
edge pixels drawn = 403
ellipse-paper-256-30-5-0.1.png 256x256
perterb
color
fill
color
ellipse
background
0.100000 35
edge pixels drawn = 399
ellipse-paper-256-45-5-0.1.png 256x256
perterb
color
fill
color
ellipse
background
0.100000 35
edge pixels drawn = 399
ellipse-paper-256-60-5-0.1.png 256x256
perterb
color
fill
color
ellipse
background
0.100000 34
edge pixels drawn = 398
ellipse-paper-256-0-10-0.1.png 256x256
perterb
color
fill
color
ellipse
background
0.100000 36
edge pixels drawn = 410
ellipse-paper-256-15-10-0.1.png 256x256
perterb
color
fill
color
ellipse
background
0.100000 36
edge pixels drawn = 404
ellipse-paper-256-30-10-0.1.png 256x256
perterb
color
fill
color
ellipse
background
0.100000 35
edge pixels drawn = 399
ellipse-paper-256-45-10-0.1.png 256x256
perterb
color
fill
color
ellipse
background
0.100000 36
edge pixels drawn = 400
ellipse-paper-256-60-10-0.1.png 256x256
perterb
color
fill
color
ellipse
background
0.100000 35
edge pixels drawn = 399
ellipse-paper-256-0-15-0.1.png 256x256
perterb
color
fill
color
ellipse
background
0.100000 37
edge pixels drawn = 411
ellipse-paper-256-15-15-0.1.png 256x256
perterb
color
fill
color
ellipse
background
0.100000 36
edge pixels drawn = 404
ellipse-paper-256-30-15-0.1.png 256x256
perterb
color
fill
color
ellipse
background
0.100000 36
edge pixels drawn = 400
ellipse-paper-256-45-15-0.1.png 256x256
perterb
color
fill
color
ellipse
background
0.100000 35
edge pixels drawn = 399
ellipse-paper-256-60-15-0.1.png 256x256
perterb
color
fill
color
ellipse
background
0.100000 35
edge pixels drawn = 399
ellipse-paper-256-0-20-0.1.png 256x256
perterb
color
fill
color
ellipse
background
0.100000 37
edge pixels drawn = 411
ellipse-paper-256-15-20-0.1.png 256x256
perterb
color
fill
color
ellipse
background
0.100000 36
edge pixels drawn = 404
ellipse-paper-256-30-20-0.1.png 256x256
perterb
color
fill
color
ellipse
background
0.100000 36
edge pixels drawn = 400
ellipse-paper-256-45-20-0.1.png 256x256
perterb
color
fill
color
ellipse
background
0.100000 36
edge pixels drawn = 400
ellipse-paper-256-60-20-0.1.png 256x256
perterb
color
fill
color
ellipse
background
0.100000 36
edge pixels drawn = 400
ellipse-paper-512-0-3-0.1.png 512x512
perterb
color
fill
color
ellipse
background
0.100000 70
edge pixels drawn = 814
ellipse-paper-512-15-3-0.1.png 512x512
perterb
color
fill
color
ellipse
background
0.100000 69
edge pixels drawn = 803
ellipse-paper-512-30-3-0.1.png 512x512
perterb
color
fill
color
ellipse
background
0.100000 69
edge pixels drawn = 799
ellipse-paper-512-45-3-0.1.png 512x512
perterb
color
fill
color
ellipse
background
0.100000 68
edge pixels drawn = 800
ellipse-paper-512-60-3-0.1.png 512x512
perterb
color
fill
color
ellipse
background
0.100000 69
edge pixels drawn = 799
ellipse-paper-512-0-5-0.1.png 512x512
perterb
color
fill
color
ellipse
background
0.100000 71
edge pixels drawn = 815
ellipse-paper-512-15-5-0.1.png 512x512
perterb
color
fill
color
ellipse
background
0.100000 71
edge pixels drawn = 805
ellipse-paper-512-30-5-0.1.png 512x512
perterb
color
fill
color
ellipse
background
0.100000 70
edge pixels drawn = 800
ellipse-paper-512-45-5-0.1.png 512x512
perterb
color
fill
color
ellipse
background
0.100000 71
edge pixels drawn = 803
ellipse-paper-512-60-5-0.1.png 512x512
perterb
color
fill
color
ellipse
background
0.100000 71
edge pixels drawn = 801
ellipse-paper-512-0-10-0.1.png 512x512
perterb
color
fill
color
ellipse
background
0.100000 72
edge pixels drawn = 816
ellipse-paper-512-15-10-0.1.png 512x512
perterb
color
fill
color
ellipse
background
0.100000 72
edge pixels drawn = 806
ellipse-paper-512-30-10-0.1.png 512x512
perterb
color
fill
color
ellipse
background
0.100000 71
edge pixels drawn = 801
ellipse-paper-512-45-10-0.1.png 512x512
perterb
color
fill
color
ellipse
background
0.100000 72
edge pixels drawn = 804
ellipse-paper-512-60-10-0.1.png 512x512
perterb
color
fill
color
ellipse
background
0.100000 71
edge pixels drawn = 801
ellipse-paper-512-0-15-0.1.png 512x512
perterb
color
fill
color
ellipse
background
0.100000 73
edge pixels drawn = 817
ellipse-paper-512-15-15-0.1.png 512x512
perterb
color
fill
color
ellipse
background
0.100000 72
edge pixels drawn = 806
ellipse-paper-512-30-15-0.1.png 512x512
perterb
color
fill
color
ellipse
background
0.100000 72
edge pixels drawn = 802
ellipse-paper-512-45-15-0.1.png 512x512
perterb
color
fill
color
ellipse
background
0.100000 72
edge pixels drawn = 804
ellipse-paper-512-60-15-0.1.png 512x512
perterb
color
fill
color
ellipse
background
0.100000 72
edge pixels drawn = 802
ellipse-paper-512-0-20-0.1.png 512x512
perterb
color
fill
color
ellipse
background
0.100000 73
edge pixels drawn = 817
ellipse-paper-512-15-20-0.1.png 512x512
perterb
color
fill
color
ellipse
background
0.100000 72
edge pixels drawn = 806
ellipse-paper-512-30-20-0.1.png 512x512
perterb
color
fill
color
ellipse
background
0.100000 72
edge pixels drawn = 802
ellipse-paper-512-45-20-0.1.png 512x512
perterb
color
fill
color
ellipse
background
0.100000 72
edge pixels drawn = 804
ellipse-paper-512-60-20-0.1.png 512x512
perterb
color
fill
color
ellipse
background
0.100000 72
edge pixels drawn = 802
ellipse-paper-1024-0-3-0.1.png 1024x1024
perterb
color
fill
color
ellipse
background
0.100000 140
edge pixels drawn = 1628
ellipse-paper-1024-15-3-0.1.png 1024x1024
perterb
color
fill
color
ellipse
background
0.100000 137
edge pixels drawn = 1603
ellipse-paper-1024-30-3-0.1.png 1024x1024
perterb
color
fill
color
ellipse
background
0.100000 138
edge pixels drawn = 1596
ellipse-paper-1024-45-3-0.1.png 1024x1024
perterb
color
fill
color
ellipse
background
0.100000 138
edge pixels drawn = 1596
ellipse-paper-1024-60-3-0.1.png 1024x1024
perterb
color
fill
color
ellipse
background
0.100000 138
edge pixels drawn = 1594
ellipse-paper-1024-0-5-0.1.png 1024x1024
perterb
color
fill
color
ellipse
background
0.100000 145
edge pixels drawn = 1633
ellipse-paper-1024-15-5-0.1.png 1024x1024
perterb
color
fill
color
ellipse
background
0.100000 140
edge pixels drawn = 1606
ellipse-paper-1024-30-5-0.1.png 1024x1024
perterb
color
fill
color
ellipse
background
0.100000 141
edge pixels drawn = 1599
ellipse-paper-1024-45-5-0.1.png 1024x1024
perterb
color
fill
color
ellipse
background
0.100000 140
edge pixels drawn = 1598
ellipse-paper-1024-60-5-0.1.png 1024x1024
perterb
color
fill
color
ellipse
background
0.100000 140
edge pixels drawn = 1596
ellipse-paper-1024-0-10-0.1.png 1024x1024
perterb
color
fill
color
ellipse
background
0.100000 146
edge pixels drawn = 1634
ellipse-paper-1024-15-10-0.1.png 1024x1024
perterb
color
fill
color
ellipse
background
0.100000 144
edge pixels drawn = 1610
ellipse-paper-1024-30-10-0.1.png 1024x1024
perterb
color
fill
color
ellipse
background
0.100000 143
edge pixels drawn = 1601
ellipse-paper-1024-45-10-0.1.png 1024x1024
perterb
color
fill
color
ellipse
background
0.100000 143
edge pixels drawn = 1601
ellipse-paper-1024-60-10-0.1.png 1024x1024
perterb
color
fill
color
ellipse
background
0.100000 143
edge pixels drawn = 1599
ellipse-paper-1024-0-15-0.1.png 1024x1024
perterb
color
fill
color
ellipse
background
0.100000 147
edge pixels drawn = 1635
ellipse-paper-1024-15-15-0.1.png 1024x1024
perterb
color
fill
color
ellipse
background
0.100000 144
edge pixels drawn = 1610
ellipse-paper-1024-30-15-0.1.png 1024x1024
perterb
color
fill
color
ellipse
background
0.100000 144
edge pixels drawn = 1602
ellipse-paper-1024-45-15-0.1.png 1024x1024
perterb
color
fill
color
ellipse
background
0.100000 144
edge pixels drawn = 1602
ellipse-paper-1024-60-15-0.1.png 1024x1024
perterb
color
fill
color
ellipse
background
0.100000 143
edge pixels drawn = 1599
ellipse-paper-1024-0-20-0.1.png 1024x1024
perterb
color
fill
color
ellipse
background
0.100000 147
edge pixels drawn = 1635
ellipse-paper-1024-15-20-0.1.png 1024x1024
perterb
color
fill
color
ellipse
background
0.100000 145
edge pixels drawn = 1611
ellipse-paper-1024-30-20-0.1.png 1024x1024
perterb
color
fill
color
ellipse
background
0.100000 145
edge pixels drawn = 1603
ellipse-paper-1024-45-20-0.1.png 1024x1024
perterb
color
fill
color
ellipse
background
0.100000 144
edge pixels drawn = 1602
ellipse-paper-1024-60-20-0.1.png 1024x1024
perterb
color
fill
color
ellipse
background
0.100000 144
edge pixels drawn = 1600
